This is pdfTeX, Version 3.14159265-2.6-1.40.20 (TeX Live 2019/Debian) (preloaded format=pdflatex 2020.5.12)  18 MAY 2020 00:18
entering extended mode
 restricted \write18 enabled.
 %&-line parsing enabled.
**memoire.tex
(./memoire.tex
LaTeX2e <2020-02-02> patch level 2
L3 programming layer <2020-02-14>
(/usr/share/texlive/texmf-dist/tex/latex/base/report.cls
Document Class: report 2019/12/20 v1.4l Standard LaTeX document class
(/usr/share/texlive/texmf-dist/tex/latex/base/size12.clo
File: size12.clo 2019/12/20 v1.4l Standard LaTeX file (size option)
)
\c@part=\count167
\c@chapter=\count168
\c@section=\count169
\c@subsection=\count170
\c@subsubsection=\count171
\c@paragraph=\count172
\c@subparagraph=\count173
\c@figure=\count174
\c@table=\count175
\abovecaptionskip=\skip47
\belowcaptionskip=\skip48
\bibindent=\dimen134
)
(/usr/share/texlive/texmf-dist/tex/latex/graphics/graphicx.sty
Package: graphicx 2019/11/30 v1.2a Enhanced LaTeX Graphics (DPC,SPQR)

(/usr/share/texlive/texmf-dist/tex/latex/graphics/keyval.sty
Package: keyval 2014/10/28 v1.15 key=value parser (DPC)
\KV@toks@=\toks14
)
(/usr/share/texlive/texmf-dist/tex/latex/graphics/graphics.sty
Package: graphics 2019/11/30 v1.4a Standard LaTeX Graphics (DPC,SPQR)

(/usr/share/texlive/texmf-dist/tex/latex/graphics/trig.sty
Package: trig 2016/01/03 v1.10 sin cos tan (DPC)
)
(/usr/share/texlive/texmf-dist/tex/latex/graphics-cfg/graphics.cfg
File: graphics.cfg 2016/06/04 v1.11 sample graphics configuration
)
Package graphics Info: Driver file: pdftex.def on input line 105.

(/usr/share/texlive/texmf-dist/tex/latex/graphics-def/pdftex.def
File: pdftex.def 2018/01/08 v1.0l Graphics/color driver for pdftex
))
\Gin@req@height=\dimen135
\Gin@req@width=\dimen136
)
(/usr/share/texlive/texmf-dist/tex/generic/babel/babel.sty
Package: babel 2020/02/14 3.40 The Babel package

(/usr/share/texlive/texmf-dist/tex/generic/babel/switch.def
File: switch.def 2020/02/14 3.40 Babel switching mechanism
)
(/usr/share/texlive/texmf-dist/tex/generic/babel-french/french.ldf
Language: french 2020/01/30 v3.5g French support from the babel system

(/usr/share/texlive/texmf-dist/tex/generic/babel/babel.def
File: babel.def 2020/02/14 3.40 Babel common definitions
\babel@savecnt=\count176
\U@D=\dimen137

(/usr/share/texlive/texmf-dist/tex/generic/babel/txtbabel.def)
\bbl@readstream=\read2
\bbl@dirlevel=\count177
)
Package babel Info: \l@acadian = using hyphenrules for french
(babel)             (\language18) on input line 91.
Package babel Info: \l@canadien = using hyphenrules for french
(babel)             (\language18) on input line 92.
\FB@nonchar=\count178
Package babel Info: Making : an active character on input line 419.
Package babel Info: Making ; an active character on input line 420.
Package babel Info: Making ! an active character on input line 421.
Package babel Info: Making ? an active character on input line 422.
\FBguill@level=\count179
\FBold@everypar=\toks15
\FB@Mht=\dimen138
\mc@charclass=\count180
\mc@charfam=\count181
\mc@charslot=\count182
\std@mcc=\count183
\dec@mcc=\count184
\c@FBcaption@count=\count185
\listindentFB=\dimen139
\descindentFB=\dimen140
\labelindentFB=\dimen141
\labelwidthFB=\dimen142
\leftmarginFB=\dimen143
\parindentFFN=\dimen144
\FBfnindent=\dimen145
))
(/usr/share/texlive/texmf-dist/tex/latex/carlisle/scalefnt.sty)
(/usr/share/texlive/texmf-dist/tex/latex/caption/caption.sty
Package: caption 2020/01/03 v3.4h Customizing captions (AR)

(/usr/share/texlive/texmf-dist/tex/latex/caption/caption3.sty
Package: caption3 2020/01/03 v1.8h caption3 kernel (AR)
Package caption3 Info: TeX engine: e-TeX on input line 61.
\captionmargin=\dimen146
\captionmargin@=\dimen147
\captionwidth=\dimen148
\caption@tempdima=\dimen149
\caption@indent=\dimen150
\caption@parindent=\dimen151
\caption@hangindent=\dimen152
Package caption Info: Standard document class detected.
)
\c@caption@flags=\count186
\c@continuedfloat=\count187
)
(/usr/share/texlive/texmf-dist/tex/latex/base/inputenc.sty
Package: inputenc 2018/08/11 v1.3c Input encoding file
\inpenc@prehook=\toks16
\inpenc@posthook=\toks17
)
(/usr/share/texlive/texmf-dist/tex/latex/base/fontenc.sty
Package: fontenc 2020/02/11 v2.0o Standard LaTeX package
)
(/usr/share/texlive/texmf-dist/tex/latex/multirow/multirow.sty
Package: multirow 2019/05/31 v2.5 Span multiple rows of a table
\multirow@colwidth=\skip49
\multirow@cntb=\count188
\multirow@dima=\skip50
\bigstrutjot=\dimen153
)
(/usr/share/texlive/texmf-dist/tex/latex/listings/listings.sty
\lst@mode=\count189
\lst@gtempboxa=\box45
\lst@token=\toks18
\lst@length=\count190
\lst@currlwidth=\dimen154
\lst@column=\count191
\lst@pos=\count192
\lst@lostspace=\dimen155
\lst@width=\dimen156
\lst@newlines=\count193
\lst@lineno=\count194
\lst@maxwidth=\dimen157

(/usr/share/texlive/texmf-dist/tex/latex/listings/lstmisc.sty
File: lstmisc.sty 2019/09/10 1.8c (Carsten Heinz)
\c@lstnumber=\count195
\lst@skipnumbers=\count196
\lst@framebox=\box46
)
(/usr/share/texlive/texmf-dist/tex/latex/listings/listings.cfg
File: listings.cfg 2019/09/10 1.8c listings configuration
))
Package: listings 2019/09/10 1.8c (Carsten Heinz)

(/usr/share/texlive/texmf-dist/tex/latex/float/float.sty
Package: float 2001/11/08 v1.3d Float enhancements (AL)
\c@float@type=\count197
\float@exts=\toks19
\float@box=\box47
\@float@everytoks=\toks20
\@floatcapt=\box48
)
(/usr/share/texlive/texmf-dist/tex/latex/url/url.sty
\Urlmuskip=\muskip16
Package: url 2013/09/16  ver 3.4  Verb mode for urls, etc.
)
(/usr/share/texlive/texmf-dist/tex/latex/algorithms/algorithm.sty
Package: algorithm 2009/08/24 v0.1 Document Style `algorithm' - floating enviro
nment

(/usr/share/texlive/texmf-dist/tex/latex/base/ifthen.sty
Package: ifthen 2014/09/29 v1.1c Standard LaTeX ifthen package (DPC)
)
\@float@every@algorithm=\toks21
\c@algorithm=\count198
)
(./style/myalgorithm.sty

LaTeX Warning: You have requested package `style/myalgorithm',
               but the package provides `myalgorithm'.

Package: myalgorithm 2004/12/05 - simple algorithm environment (GZ)

LaTeX Warning: You have requested package `style/myalgorithm',
               but the package provides `myalgorithm'.

Package: myalgorithm 
(/usr/share/texlive/texmf-dist/tex/latex/tools/calc.sty
Package: calc 2017/05/25 v4.3 Infix arithmetic (KKT,FJ)
\calc@Acount=\count199
\calc@Bcount=\count266
\calc@Adimen=\dimen158
\calc@Bdimen=\dimen159
\calc@Askip=\skip51
\calc@Bskip=\skip52
LaTeX Info: Redefining \setlength on input line 80.
LaTeX Info: Redefining \addtolength on input line 81.
\calc@Ccount=\count267
\calc@Cskip=\skip53
)
(/usr/share/texlive/texmf-dist/tex/generic/ulem/ulem.sty
\UL@box=\box49
\UL@hyphenbox=\box50
\UL@skip=\skip54
\UL@hook=\toks22
\UL@height=\dimen160
\UL@pe=\count268
\UL@pixel=\dimen161
\ULC@box=\box51
Package: ulem 2019/11/18
\ULdepth=\dimen162
)
\c@ALC@line=\count269
\c@ALC@rem=\count270
\ALC@tlm=\skip55
\ALC@sep=\skip56
)
(/usr/share/texlive/texmf-dist/tex/latex/amsmath/amsmath.sty
Package: amsmath 2020/01/20 v2.17e AMS math features
\@mathmargin=\skip57

For additional information on amsmath, use the `?' option.
(/usr/share/texlive/texmf-dist/tex/latex/amsmath/amstext.sty
Package: amstext 2000/06/29 v2.01 AMS text

(/usr/share/texlive/texmf-dist/tex/latex/amsmath/amsgen.sty
File: amsgen.sty 1999/11/30 v2.0 generic functions
\@emptytoks=\toks23
\ex@=\dimen163
))
(/usr/share/texlive/texmf-dist/tex/latex/amsmath/amsbsy.sty
Package: amsbsy 1999/11/29 v1.2d Bold Symbols
\pmbraise@=\dimen164
)
(/usr/share/texlive/texmf-dist/tex/latex/amsmath/amsopn.sty
Package: amsopn 2016/03/08 v2.02 operator names
)
\inf@bad=\count271
LaTeX Info: Redefining \frac on input line 227.
\uproot@=\count272
\leftroot@=\count273
LaTeX Info: Redefining \overline on input line 389.
\classnum@=\count274
\DOTSCASE@=\count275
LaTeX Info: Redefining \ldots on input line 486.
LaTeX Info: Redefining \dots on input line 489.
LaTeX Info: Redefining \cdots on input line 610.
\Mathstrutbox@=\box52
\strutbox@=\box53
\big@size=\dimen165
LaTeX Font Info:    Redeclaring font encoding OML on input line 733.
LaTeX Font Info:    Redeclaring font encoding OMS on input line 734.
\macc@depth=\count276
\c@MaxMatrixCols=\count277
\dotsspace@=\muskip17
\c@parentequation=\count278
\dspbrk@lvl=\count279
\tag@help=\toks24
\row@=\count280
\column@=\count281
\maxfields@=\count282
\andhelp@=\toks25
\eqnshift@=\dimen166
\alignsep@=\dimen167
\tagshift@=\dimen168
\tagwidth@=\dimen169
\totwidth@=\dimen170
\lineht@=\dimen171
\@envbody=\toks26
\multlinegap=\skip58
\multlinetaggap=\skip59
\mathdisplay@stack=\toks27
LaTeX Info: Redefining \[ on input line 2859.
LaTeX Info: Redefining \] on input line 2860.
)
(/usr/share/texlive/texmf-dist/tex/latex/amsfonts/amsfonts.sty
Package: amsfonts 2013/01/14 v3.01 Basic AMSFonts support
\symAMSa=\mathgroup4
\symAMSb=\mathgroup5
LaTeX Font Info:    Redeclaring math symbol \hbar on input line 98.
LaTeX Font Info:    Overwriting math alphabet `\mathfrak' in version `bold'
(Font)                  U/euf/m/n --> U/euf/b/n on input line 106.
)
(/usr/share/texlive/texmf-dist/tex/latex/amsfonts/amssymb.sty
Package: amssymb 2013/01/14 v3.01 AMS font symbols
)
\@float@every@programslist=\toks28
\c@programslist=\count283
\c@program=\count284

(/usr/share/texlive/texmf-dist/tex/latex/l3backend/l3backend-pdfmode.def
File: l3backend-pdfmode.def 2020-02-03 L3 backend support: PDF mode
\l__kernel_color_stack_int=\count285
\l__pdf_internal_box=\box54
)
(./memoire.aux)
\openout1 = `memoire.aux'.

LaTeX Font Info:    Checking defaults for OML/cmm/m/it on input line 43.
LaTeX Font Info:    ... okay on input line 43.
LaTeX Font Info:    Checking defaults for OMS/cmsy/m/n on input line 43.
LaTeX Font Info:    ... okay on input line 43.
LaTeX Font Info:    Checking defaults for OT1/cmr/m/n on input line 43.
LaTeX Font Info:    ... okay on input line 43.
LaTeX Font Info:    Checking defaults for T1/cmr/m/n on input line 43.
LaTeX Font Info:    ... okay on input line 43.
LaTeX Font Info:    Checking defaults for TS1/cmr/m/n on input line 43.
LaTeX Font Info:    ... okay on input line 43.
LaTeX Font Info:    Checking defaults for OMX/cmex/m/n on input line 43.
LaTeX Font Info:    ... okay on input line 43.
LaTeX Font Info:    Checking defaults for U/cmr/m/n on input line 43.
LaTeX Font Info:    ... okay on input line 43.

(/usr/share/texlive/texmf-dist/tex/context/base/mkii/supp-pdf.mkii
[Loading MPS to PDF converter (version 2006.09.02).]
\scratchcounter=\count286
\scratchdimen=\dimen172
\scratchbox=\box55
\nofMPsegments=\count287
\nofMParguments=\count288
\everyMPshowfont=\toks29
\MPscratchCnt=\count289
\MPscratchDim=\dimen173
\MPnumerator=\count290
\makeMPintoPDFobject=\count291
\everyMPtoPDFconversion=\toks30
) (/usr/share/texlive/texmf-dist/tex/latex/epstopdf-pkg/epstopdf-base.sty
Package: epstopdf-base 2020-01-24 v2.11 Base part for package epstopdf
Package epstopdf-base Info: Redefining graphics rule for `.eps' on input line 4
85.

(/usr/share/texlive/texmf-dist/tex/latex/latexconfig/epstopdf-sys.cfg
File: epstopdf-sys.cfg 2010/07/13 v1.3 Configuration of (r)epstopdf for TeX Liv
e
))
LaTeX Info: Redefining \degres on input line 43.
LaTeX Info: Redefining \dots on input line 43.
LaTeX Info: Redefining \up on input line 43.
Package caption Info: Begin \AtBeginDocument code.
Package caption Info: float package is loaded.
Package caption Info: listings package is loaded.
Package caption Info: End \AtBeginDocument code.
\c@lstlisting=\count292
LaTeX Font Info:    Trying to load font information for U+msa on input line 46.


(/usr/share/texlive/texmf-dist/tex/latex/amsfonts/umsa.fd
File: umsa.fd 2013/01/14 v3.01 AMS symbols A
)
LaTeX Font Info:    Trying to load font information for U+msb on input line 46.


(/usr/share/texlive/texmf-dist/tex/latex/amsfonts/umsb.fd
File: umsb.fd 2013/01/14 v3.01 AMS symbols B
)
<images/m2ise.png, id=1, 621.32124pt x 300.12125pt>
File: images/m2ise.png Graphic file (type png)
<use images/m2ise.png>
Package pdftex.def Info: images/m2ise.png  used on input line 47.
(pdftex.def)             Requested size: 88.34958pt x 42.67912pt.
 [1

{/var/lib/texmf/fonts/map/pdftex/updmap/pdftex.map} <./images/m2ise.png>] [1

] [2

] (./memoire.toc)
\tf@toc=\write3
\openout3 = `memoire.toc'.

[3

]
<images/pix2pix-t1.png, id=27, 642.4pt x 481.8pt>
File: images/pix2pix-t1.png Graphic file (type png)
<use images/pix2pix-t1.png>
Package pdftex.def Info: images/pix2pix-t1.png  used on input line 94.
(pdftex.def)             Requested size: 272.99881pt x 204.75125pt.
 [4

]
<images/pix2pix-fail.png, id=31, 462.528pt x 346.896pt>
File: images/pix2pix-fail.png Graphic file (type png)
<use images/pix2pix-fail.png>
Package pdftex.def Info: images/pix2pix-fail.png  used on input line 100.
(pdftex.def)             Requested size: 272.99881pt x 204.75684pt.
 [5 <./images/pix2pix-t1.png> <./images/pix2pix-fail.png>]
<images/croquis_1.jpg, id=37, 412.54124pt x 573.14125pt>
File: images/croquis_1.jpg Graphic file (type jpg)
<use images/croquis_1.jpg>
Package pdftex.def Info: images/croquis_1.jpg  used on input line 112.
(pdftex.def)             Requested size: 412.54024pt x 573.13985pt.
<images/croquis_2.jpg, id=38, 412.54124pt x 573.14125pt>
File: images/croquis_2.jpg Graphic file (type jpg)
<use images/croquis_2.jpg>
Package pdftex.def Info: images/croquis_2.jpg  used on input line 113.
(pdftex.def)             Requested size: 412.54024pt x 573.13985pt.
<images/croquis_4.jpg, id=39, 412.54124pt x 573.14125pt>
File: images/croquis_4.jpg Graphic file (type jpg)
<use images/croquis_4.jpg>
Package pdftex.def Info: images/croquis_4.jpg  used on input line 114.
(pdftex.def)             Requested size: 412.54024pt x 573.13985pt.

Overfull \hbox (16.0887pt too wide) in paragraph at lines 111--117
 [] 
 []

[6 <./images/croquis_1.jpg> <./images/croquis_2.jpg> <./images/croquis_4.jpg>]
Chapitre 1.
[7

]
<images/test-gaugan-sm.jpg, id=50, 511.9125pt x 510.90875pt>
File: images/test-gaugan-sm.jpg Graphic file (type jpg)
<use images/test-gaugan-sm.jpg>
Package pdftex.def Info: images/test-gaugan-sm.jpg  used on input line 152.
(pdftex.def)             Requested size: 88.96895pt x 88.79639pt.
<images/test-gaugan.jpg, id=51, 511.9125pt x 510.90875pt>
File: images/test-gaugan.jpg Graphic file (type jpg)
<use images/test-gaugan.jpg>
Package pdftex.def Info: images/test-gaugan.jpg  used on input line 153.
(pdftex.def)             Requested size: 88.96895pt x 88.79639pt.
 [8 <./images/test-gaugan-sm.jpg> <./images/test-gaugan.jpg>]
File: images/test-gaugan.jpg Graphic file (type jpg)
<use images/test-gaugan.jpg>
Package pdftex.def Info: images/test-gaugan.jpg  used on input line 169.
(pdftex.def)             Requested size: 88.96895pt x 88.79639pt.
<images/transfert-ds.jpg, id=55, 385.44pt x 385.44pt>
File: images/transfert-ds.jpg Graphic file (type jpg)
<use images/transfert-ds.jpg>
Package pdftex.def Info: images/transfert-ds.jpg  used on input line 170.
(pdftex.def)             Requested size: 88.79636pt x 88.79639pt.
<images/gaugan-tds.jpg, id=56, 385.44pt x 385.44pt>
File: images/gaugan-tds.jpg Graphic file (type jpg)
<use images/gaugan-tds.jpg>
Package pdftex.def Info: images/gaugan-tds.jpg  used on input line 171.
(pdftex.def)             Requested size: 88.79636pt x 88.79639pt.

Underfull \hbox (badness 10000) in paragraph at lines 179--180

 []


Underfull \hbox (badness 10000) in paragraph at lines 181--182

 []


Overfull \hbox (13.67949pt too wide) in paragraph at lines 184--184
[]\T1/cmr/bx/n/14.4 Sketching : In-fer-ring Contour Dra-wings from Images 
 []

[9 <./images/transfert-ds.jpg> <./images/gaugan-tds.jpg>] [10]
Chapitre 2.

Overfull \hbox (49.09328pt too wide) in paragraph at lines 215--216
\T1/cmr/m/n/12 d'images. Comme le prouve ce tra-vail : https ://-gi-thub.com/dr
ibnet/perceptionengines,
 []

[11

] [12]
Chapitre 3.
(./memoire.bbl [13

]
Underfull \hbox (badness 1102) in paragraph at lines 5--9
\T1/cmr/m/it/12 Tran-sac-tions on Pat-tern Ana-ly-sis and Ma-chine In-tel-li-ge
nce\T1/cmr/m/n/12 ,
 []

LaTeX Font Info:    Trying to load font information for T1+cmtt on input line 2
3.
(/usr/share/texlive/texmf-dist/tex/latex/base/t1cmtt.fd
File: t1cmtt.fd 2019/12/16 v2.5j Standard LaTeX font definitions
)
Underfull \hbox (badness 3128) in paragraph at lines 21--24
[]\T1/cmr/m/n/12 hindupuravinash.  The gan zoo.  $\T1/cmtt/m/n/12 https : / / g
ithub . com /
 []


Underfull \hbox (badness 1845) in paragraph at lines 51--57
[]\T1/cmr/m/n/12 Wikipedia.  Pein-ture chi-noise --- Wi-ki-pe-dia, the free en-

 []


Underfull \hbox (badness 10000) in paragraph at lines 59--66
\T1/cmtt/m/n/12 title = R \ %C3 \ %A9seaux \ %20antagonistes \ %20g \ %C3 \ %A9
n \
 []


Underfull \hbox (badness 1783) in paragraph at lines 59--66
\T1/cmtt/m/n/12 %C3 \ %A9ratifs & oldid = 170457375$\T1/cmr/m/n/12 , 2020.  [On
-line ; ac-ces-sed
 []

[14

]
Underfull \hbox (badness 2277) in paragraph at lines 68--71
[]\T1/cmr/m/n/12 ychen93.  The gan zoo.  $\T1/cmtt/m/n/12 https : / / github . 
com / ychen93 /
 []

) [15] (./memoire.aux) ) 
Here is how much of TeX's memory you used:
 6957 strings out of 482463
 99410 string characters out of 5946315
 340939 words of memory out of 5000000
 21922 multiletter control sequences out of 15000+600000
 547070 words of font info for 57 fonts, out of 8000000 for 9000
 417 hyphenation exceptions out of 8191
 41i,12n,42p,670b,425s stack positions out of 5000i,500n,10000p,200000b,80000s
 </home/roro/.texlive2019/texmf-var/fonts/pk/ljfour/jkn
appen/ec/ectt1200.600pk> </home/roro/.texlive2019/texmf-var/fonts/pk/ljfour/jkn
appen/ec/ecti1200.600pk> </home/roro/.texlive2019/texmf-var/fonts/pk/ljfour/jkn
appen/ec/ecbx1200.600pk> </home/roro/.texlive2019/texmf-var/fonts/pk/ljfour/jkn
appen/ec/ecbx2488.600pk> </home/roro/.texlive2019/texmf-var/fonts/pk/ljfour/jkn
appen/ec/eccc1200.600pk> </home/roro/.texlive2019/texmf-var/fonts/pk/ljfour/jkn
appen/ec/ecrm1200.600pk> </home/roro/.texlive2019/texmf-var/fonts/pk/ljfour/jkn
appen/ec/ecrm1440.600pk> </home/roro/.texlive2019/texmf-var/fonts/pk/ljfour/jkn
appen/ec/ecxc1440.600pk> </home/roro/.texlive2019/texmf-var/fonts/pk/ljfour/jkn
appen/ec/ecbx1728.600pk> </home/roro/.texlive2019/texmf-var/fonts/pk/ljfour/jkn
appen/ec/ecbx1440.600pk> </home/roro/.texlive2019/texmf-var/fonts/pk/ljfour/jkn
appen/ec/eccc1440.600pk></usr/share/texlive/texmf-dist/fonts/type1/public/amsfo
nts/cm/cmmi12.pfb></usr/share/texlive/texmf-dist/fonts/type1/public/amsfonts/cm
/cmmi8.pfb></usr/share/texlive/texmf-dist/fonts/type1/public/amsfonts/cm/cmr12.
pfb></usr/share/texlive/texmf-dist/fonts/type1/public/amsfonts/cm/cmr8.pfb></us
r/share/texlive/texmf-dist/fonts/type1/public/amsfonts/cm/cmsy10.pfb>
Output written on memoire.pdf (16 pages, 1595213 bytes).
PDF statistics:
 505 PDF objects out of 1000 (max. 8388607)
 97 compressed objects within 1 object stream
 0 named destinations out of 1000 (max. 500000)
 51 words of extra memory for PDF output out of 10000 (max. 10000000)

